[debug] [2023-12-26T12:08:43.786Z] ----------------------------------------------------------------------
[debug] [2023-12-26T12:08:43.788Z] Command:       C:\Program Files\nodejs\node.exe C:\Users\Appedu\AppData\Roaming\npm\node_modules\firebase-tools\lib\bin\firebase.js init
[debug] [2023-12-26T12:08:43.789Z] CLI Version:   13.0.2
[debug] [2023-12-26T12:08:43.789Z] Platform:      win32
[debug] [2023-12-26T12:08:43.789Z] Node Version:  v21.5.0
[debug] [2023-12-26T12:08:43.789Z] Time:          Tue Dec 26 2023 20:08:43 GMT+0800 (台北標準時間)
[debug] [2023-12-26T12:08:43.789Z] ----------------------------------------------------------------------
[debug] 
[debug] [2023-12-26T12:08:43.796Z] > command requires scopes: ["email","openid","https://www.googleapis.com/auth/cloudplatformprojects.readonly","https://www.googleapis.com/auth/firebase","https://www.googleapis.com/auth/cloud-platform"]
[debug] [2023-12-26T12:08:43.797Z] > authorizing via signed-in user (june40619@gmail.com)
[info] 
     ######## #### ########  ######## ########     ###     ######  ########
     ##        ##  ##     ## ##       ##     ##  ##   ##  ##       ##
     ######    ##  ########  ######   ########  #########  ######  ######
     ##        ##  ##    ##  ##       ##     ## ##     ##       ## ##
     ##       #### ##     ## ######## ########  ##     ##  ######  ########

You're about to initialize a Firebase project in this directory:

  C:\Users\Appedu\Downloads\cokemax.github.io

[info] 
=== Project Setup
[info] 
[info] First, let's associate this project directory with a Firebase project.
[info] You can create multiple project aliases by running firebase use --add, 
[info] but for now we'll just set up a default project.
[info] 
[debug] [2023-12-26T12:09:09.981Z] >>> [apiv2][query] GET https://firebase.googleapis.com/v1beta1/projects pageSize=100
[debug] [2023-12-26T12:09:10.525Z] <<< [apiv2][status] GET https://firebase.googleapis.com/v1beta1/projects 200
[debug] [2023-12-26T12:09:10.525Z] <<< [apiv2][body] GET https://firebase.googleapis.com/v1beta1/projects [omitted]
[info] i  Using project coke-c89f6 (coke) 
[info] 
=== Hosting Setup
[debug] [2023-12-26T12:09:15.975Z] >>> [apiv2][query] GET https://firebase.googleapis.com/v1beta1/projects/coke-c89f6 [none]
[debug] [2023-12-26T12:09:16.220Z] <<< [apiv2][status] GET https://firebase.googleapis.com/v1beta1/projects/coke-c89f6 200
[debug] [2023-12-26T12:09:16.221Z] <<< [apiv2][body] GET https://firebase.googleapis.com/v1beta1/projects/coke-c89f6 {"projectId":"coke-c89f6","projectNumber":"218993836141","displayName":"coke","name":"projects/coke-c89f6","resources":{"hostingSite":"coke-c89f6","realtimeDatabaseInstance":"coke-c89f6-default-rtdb"},"state":"ACTIVE","etag":"1_cec66616-734e-45cb-9874-5c46b975b830"}
[info] 
[info] Your public directory is the folder (relative to your project directory) that
[info] will contain Hosting assets to be uploaded with firebase deploy. If you
[info] have a build process for your assets, use your build's output directory.
[info] 
[debug] [2023-12-26T12:09:21.953Z] >>> [apiv2][query] GET https://www.gstatic.com/firebasejs/releases.json [none]
[debug] [2023-12-26T12:09:21.980Z] <<< [apiv2][status] GET https://www.gstatic.com/firebasejs/releases.json 200
[debug] [2023-12-26T12:09:21.981Z] <<< [apiv2][body] GET https://www.gstatic.com/firebasejs/releases.json {"current":{"version":"10.7.1","browserURL":"https://www.gstatic.com/firebasejs/10.7.1/firebase.js","packageURL":"https://www.gstatic.com/firebasejs/10.7.1/firebase.tgz"},"live":{"version":"10.7","browserURL":"https://www.gstatic.com/firebasejs/live/10.7/firebase.js","packageURL":"https://www.gstatic.com/firebasejs/live/10.7/firebase.tgz"},"components":{"analytics":"https://www.gstatic.com/firebasejs/10.7.1/firebase-analytics.js","app":"https://www.gstatic.com/firebasejs/10.7.1/firebase-app.js","app-check":"https://www.gstatic.com/firebasejs/10.7.1/firebase-app-check.js","auth":"https://www.gstatic.com/firebasejs/10.7.1/firebase-auth.js","auth/cordova":"https://www.gstatic.com/firebasejs/10.7.1/firebase-auth/cordova.js","functions":"https://www.gstatic.com/firebasejs/10.7.1/firebase-functions.js","firestore":"https://www.gstatic.com/firebasejs/10.7.1/firebase-firestore.js","firestore/lite":"https://www.gstatic.com/firebasejs/10.7.1/firebase-firestore/lite.js","installations":"https://www.gstatic.com/firebasejs/10.7.1/firebase-installations.js","storage":"https://www.gstatic.com/firebasejs/10.7.1/firebase-storage.js","performance":"https://www.gstatic.com/firebasejs/10.7.1/firebase-performance.js","remote-config":"https://www.gstatic.com/firebasejs/10.7.1/firebase-remote-config.js","messaging":"https://www.gstatic.com/firebasejs/10.7.1/firebase-messaging.js","messaging/sw":"https://www.gstatic.com/firebasejs/10.7.1/firebase-messaging/sw.js","database":"https://www.gstatic.com/firebasejs/10.7.1/firebase-database.js","firestore.memory":"https://www.gstatic.com/firebasejs/10.7.1/firebase-firestore.memory.js"}}
[info] +  Wrote public/index.html 
[info] 
[info] i  Detected a .git folder at C:\Users\Appedu\Downloads\cokemax.github.io 
[info] i  Authorizing with GitHub to upload your service account to a GitHub repository's secrets store. 
[info] 
[info] Visit this URL on this device to log in:
[info] https://github.com/login/oauth/authorize?client_id=89cf50f02ac6aaed3484&state=146357527&redirect_uri=http%3A%2F%2Flocalhost%3A9005&scope=read%3Auser%20repo%20public_repo
[info] 
[info] Waiting for authentication...
[debug] [2023-12-26T12:09:38.687Z] >>> [apiv2][query] POST https://github.com/login/oauth/access_token [none]
[debug] [2023-12-26T12:09:38.687Z] >>> [apiv2][body] POST https://github.com/login/oauth/access_token [stream]
[debug] [2023-12-26T12:09:39.181Z] <<< [apiv2][status] POST https://github.com/login/oauth/access_token 200
[debug] [2023-12-26T12:09:39.181Z] <<< [apiv2][body] POST https://github.com/login/oauth/access_token {"access_token":"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","token_type":"bearer","scope":"read:user,repo"}
[debug] [2023-12-26T12:09:39.201Z] >>> [apiv2][query] GET https://api.github.com/user [none]
[debug] [2023-12-26T12:09:39.662Z] <<< [apiv2][status] GET https://api.github.com/user 200
[debug] [2023-12-26T12:09:39.662Z] <<< [apiv2][body] GET https://api.github.com/user {"login":"Cokemax","id":148456708,"node_id":"U_kgDOCNlFBA","avatar_url":"https://avatars.githubusercontent.com/u/148456708?v=4","gravatar_id":"","url":"https://api.github.com/users/Cokemax","html_url":"https://github.com/Cokemax","followers_url":"https://api.github.com/users/Cokemax/followers","following_url":"https://api.github.com/users/Cokemax/following{/other_user}","gists_url":"https://api.github.com/users/Cokemax/gists{/gist_id}","starred_url":"https://api.github.com/users/Cokemax/starred{/owner}{/repo}","subscriptions_url":"https://api.github.com/users/Cokemax/subscriptions","organizations_url":"https://api.github.com/users/Cokemax/orgs","repos_url":"https://api.github.com/users/Cokemax/repos","events_url":"https://api.github.com/users/Cokemax/events{/privacy}","received_events_url":"https://api.github.com/users/Cokemax/received_events","type":"User","site_admin":false,"name":null,"company":null,"blog":"","location":null,"email":null,"hireable":null,"bio":null,"twitter_username":null,"public_repos":1,"public_gists":0,"followers":0,"following":0,"created_at":"2023-10-19T12:25:53Z","updated_at":"2023-10-19T14:14:04Z","private_gists":0,"total_private_repos":0,"owned_private_repos":0,"disk_usage":42036,"collaborators":0,"two_factor_authentication":false,"plan":{"name":"free","space":976562499,"collaborators":0,"private_repos":10000}}
[info] 
[info] +  Success! Logged into GitHub as Cokemax 
[info] 
